#
# There is insufficient memory for the Java Runtime Environment to continue.
# Native memory allocation (malloc) failed to allocate 436816 bytes for Chunk::new
# Possible reasons:
#   The system is out of physical RAM or swap space
#   The process is running with CompressedOops enabled, and the Java Heap may be blocking the growth of the native heap
# Possible solutions:
#   Reduce memory load on the system
#   Increase physical memory or swap space
#   Check if swap backing store is full
#   Decrease Java heap size (-Xmx/-Xms)
#   Decrease number of Java threads
#   Decrease Java thread stack sizes (-Xss)
#   Set larger code cache with -XX:ReservedCodeCacheSize=
#   JVM is running with Unscaled Compressed Oops mode in which the Java heap is
#     placed in the first 4GB address space. The Java Heap base address is the
#     maximum limit for the native heap growth. Please use -XX:HeapBaseMinAddress
#     to set the Java Heap base and to place the Java Heap above 4GB virtual address.
# This output file may be truncated or incomplete.
#
#  Out of Memory Error (./open/src/hotspot/share/memory/arena.cpp:197), pid=12764, tid=29180
#
# JRE version: Java(TM) SE Runtime Environment 18.9 (11.0.20+9) (build 11.0.20+9-LTS-256)
# Java VM: Java HotSpot(TM) 64-Bit Server VM 18.9 (11.0.20+9-LTS-256, mixed mode, tiered, compressed oops, g1 gc, windows-amd64)
# No core dump will be written. Minidumps are not enabled by default on client versions of Windows
#

---------------  S U M M A R Y ------------

Command Line: -ea -Dfile.encoding=windows-1252 -Dstdout.encoding=windows-1252 -Dstderr.encoding=windows-1252 org.testng.remote.RemoteTestNG -serport 65163 -protocol json -d C:\Users\jacki\git\TestGenkins\test-output C:\Users\jacki\git\TestGenkins\testng.xml

Host: AMD Ryzen 5 5600H with Radeon Graphics         , 12 cores, 5G,  Windows 11 , 64 bit Build 22621 (10.0.22621.3958)
Time: Thu Sep 19 19:34:05 2024 India Standard Time elapsed time: 8.920535 seconds (0d 0h 0m 8s)

---------------  T H R E A D  ---------------

Current thread (0x0000029a58a63800):  JavaThread "C2 CompilerThread0" daemon [_thread_in_native, id=29180, stack(0x000000edade00000,0x000000edadf00000)]


Current CompileTask:
C2:   8920 2081       4       java.lang.invoke.MemberName::getMethodOrFieldType (72 bytes)

Stack: [0x000000edade00000,0x000000edadf00000]
Native frames: (J=compiled Java code, j=interpreted, Vv=VM code, C=native code)
V  [jvm.dll+0x6602ba]
V  [jvm.dll+0x7a32af]
V  [jvm.dll+0x7a4979]
V  [jvm.dll+0x7a5013]
V  [jvm.dll+0x258ef5]
V  [jvm.dll+0xb2a0c]
V  [jvm.dll+0xb2fcc]
V  [jvm.dll+0x367691]
V  [jvm.dll+0x1a2b74]
V  [jvm.dll+0x211d4d]
V  [jvm.dll+0x210bc8]
V  [jvm.dll+0x18cdb1]
V  [jvm.dll+0x220e59]
V  [jvm.dll+0x21f17c]
V  [jvm.dll+0x767061]
V  [jvm.dll+0x75f8e4]
V  [jvm.dll+0x65f165]
C  [ucrtbase.dll+0x29333]
C  [KERNEL32.DLL+0x1257d]
C  [ntdll.dll+0x5af28]


---------------  P R O C E S S  ---------------

Threads class SMR info:
_java_thread_list=0x0000029a59e53d70, length=27, elements={
0x0000029a3b0a2800, 0x0000029a580ec800, 0x0000029a580f6800, 0x0000029a58109000,
0x0000029a5810b000, 0x0000029a5810e800, 0x0000029a58a63800, 0x0000029a58a68800,
0x0000029a58a6c000, 0x0000029a58bd7800, 0x0000029a59214000, 0x0000029a59ebf800,
0x0000029a59384800, 0x0000029a58c81000, 0x0000029a58d9a800, 0x0000029a5a27d800,
0x0000029a59e3e000, 0x0000029a59e3f000, 0x0000029a59e40000, 0x0000029a59e4c800,
0x0000029a59e51000, 0x0000029a59e4f000, 0x0000029a59e4d800, 0x0000029a59e4b000,
0x0000029a59e50000, 0x0000029a59e4c000, 0x0000029a59e4e800
}

Java Threads: ( => current thread )
  0x0000029a3b0a2800 JavaThread "main" [_thread_in_Java, id=13660, stack(0x000000edad200000,0x000000edad300000)]
  0x0000029a580ec800 JavaThread "Reference Handler" daemon [_thread_blocked, id=21000, stack(0x000000edad900000,0x000000edada00000)]
  0x0000029a580f6800 JavaThread "Finalizer" daemon [_thread_blocked, id=9948, stack(0x000000edada00000,0x000000edadb00000)]
  0x0000029a58109000 JavaThread "Signal Dispatcher" daemon [_thread_blocked, id=888, stack(0x000000edadb00000,0x000000edadc00000)]
  0x0000029a5810b000 JavaThread "Attach Listener" daemon [_thread_blocked, id=39604, stack(0x000000edadc00000,0x000000edadd00000)]
  0x0000029a5810e800 JavaThread "Service Thread" daemon [_thread_blocked, id=40192, stack(0x000000edadd00000,0x000000edade00000)]
=>0x0000029a58a63800 JavaThread "C2 CompilerThread0" daemon [_thread_in_native, id=29180, stack(0x000000edade00000,0x000000edadf00000)]
  0x0000029a58a68800 JavaThread "C1 CompilerThread0" daemon [_thread_in_native, id=30000, stack(0x000000edadf00000,0x000000edae000000)]
  0x0000029a58a6c000 JavaThread "Sweeper thread" daemon [_thread_blocked, id=6416, stack(0x000000edae000000,0x000000edae100000)]
  0x0000029a58bd7800 JavaThread "Common-Cleaner" daemon [_thread_blocked, id=13316, stack(0x000000edae200000,0x000000edae300000)]
  0x0000029a59214000 JavaThread "ReaderThread" [_thread_in_native, id=39224, stack(0x000000edae400000,0x000000edae500000)]
  0x0000029a59ebf800 JavaThread "ForkJoinPool.commonPool-worker-19" daemon [_thread_blocked, id=15668, stack(0x000000edae600000,0x000000edae700000)]
  0x0000029a59384800 JavaThread "ForkJoinPool.commonPool-worker-5" daemon [_thread_blocked, id=40324, stack(0x000000edae700000,0x000000edae800000)]
  0x0000029a58c81000 JavaThread "ForkJoinPool.commonPool-worker-23" daemon [_thread_blocked, id=39760, stack(0x000000edaeb00000,0x000000edaec00000)]
  0x0000029a58d9a800 JavaThread "ForkJoinPool.commonPool-worker-9" daemon [_thread_blocked, id=37800, stack(0x000000edaec00000,0x000000edaed00000)]
  0x0000029a5a27d800 JavaThread "HttpClient-1-SelectorManager" daemon [_thread_in_native, id=39060, stack(0x000000edaee00000,0x000000edaef00000)]
  0x0000029a59e3e000 JavaThread "External Process Output Forwarder - C:\Users\jacki\.cache\selenium\chromedriver\win64\128.0.6613.137\chromedriver.exe" daemon [_thread_in_native, id=42824, stack(0x000000edaef00000,0x000000edaf000000)]
  0x0000029a59e3f000 JavaThread "Driver Service Executor" daemon [_thread_blocked, id=744, stack(0x000000edaf000000,0x000000edaf100000)]
  0x0000029a59e40000 JavaThread "Driver Service Executor" daemon [_thread_in_native, id=39880, stack(0x000000edaf100000,0x000000edaf200000)]
  0x0000029a59e4c800 JavaThread "UrlChecker-2" daemon [_thread_blocked, id=39172, stack(0x000000edaf200000,0x000000edaf300000)]
  0x0000029a59e51000 JavaThread "Keep-Alive-Timer" daemon [_thread_blocked, id=38196, stack(0x000000edaf300000,0x000000edaf400000)]
  0x0000029a59e4f000 JavaThread "pool-1-thread-1" [_thread_blocked, id=36928, stack(0x000000edaf400000,0x000000edaf500000)]
  0x0000029a59e4d800 JavaThread "pool-1-thread-2" [_thread_blocked, id=31348, stack(0x000000edaf500000,0x000000edaf600000)]
  0x0000029a59e4b000 JavaThread "HttpClient-2-SelectorManager" daemon [_thread_in_native, id=38368, stack(0x000000edaf600000,0x000000edaf700000)]
  0x0000029a59e50000 JavaThread "pool-2-thread-1" [_thread_blocked, id=23244, stack(0x000000edaf700000,0x000000edaf800000)]
  0x0000029a59e4c000 JavaThread "pool-2-thread-2" [_thread_blocked, id=25476, stack(0x000000edaf800000,0x000000edaf900000)]
  0x0000029a59e4e800 JavaThread "pool-2-thread-3" [_thread_blocked, id=39320, stack(0x000000edaf900000,0x000000edafa00000)]

Other Threads:
  0x0000029a580eb000 VMThread "VM Thread" [stack: 0x000000edad800000,0x000000edad900000] [id=32524]
  0x0000029a58bcf000 WatcherThread [stack: 0x000000edae100000,0x000000edae200000] [id=41516]
  0x0000029a3b0b7800 GCTaskThread "GC Thread#0" [stack: 0x000000edad300000,0x000000edad400000] [id=5432]
  0x0000029a59385800 GCTaskThread "GC Thread#1" [stack: 0x000000edae800000,0x000000edae900000] [id=35148]
  0x0000029a59ff6800 GCTaskThread "GC Thread#2" [stack: 0x000000edae900000,0x000000edaea00000] [id=42464]
  0x0000029a59ff7000 GCTaskThread "GC Thread#3" [stack: 0x000000edaea00000,0x000000edaeb00000] [id=38852]
  0x0000029a3b0de800 ConcurrentGCThread "G1 Main Marker" [stack: 0x000000edad400000,0x000000edad500000] [id=14752]
  0x0000029a3b0e0000 ConcurrentGCThread "G1 Conc#0" [stack: 0x000000edad500000,0x000000edad600000] [id=24596]
  0x0000029a59fac800 ConcurrentGCThread "G1 Conc#1" [stack: 0x000000edae500000,0x000000edae600000] [id=33660]
  0x0000029a5a0a5000 ConcurrentGCThread "G1 Conc#2" [stack: 0x000000edaed00000,0x000000edaee00000] [id=26876]
  0x0000029a3b15e800 ConcurrentGCThread "G1 Refine#0" [stack: 0x000000edad600000,0x000000edad700000] [id=15412]
  0x0000029a57f32800 ConcurrentGCThread "G1 Young RemSet Sampling" [stack: 0x000000edad700000,0x000000edad800000] [id=15376]

Threads with active compile tasks:
C2 CompilerThread0     8951 2081       4       java.lang.invoke.MemberName::getMethodOrFieldType (72 bytes)
C1 CompilerThread0     8951 2143       3       java.util.StringTokenizer::nextToken (92 bytes)

VM state:not at safepoint (normal execution)

VM Mutex/Monitor currently owned by a thread: None

Heap address: 0x00000000a2400000, size: 1500 MB, Compressed Oops mode: 32-bit
Narrow klass base: 0x0000000000000000, Narrow klass shift: 3
Compressed class space size: 1073741824 Address: 0x0000000100000000

Heap:
 garbage-first heap   total 96256K, used 20021K [0x00000000a2400000, 0x0000000100000000)
  region size 1024K, 18 young (18432K), 6 survivors (6144K)
 Metaspace       used 24525K, capacity 25632K, committed 25776K, reserved 1071104K
  class space    used 2818K, capacity 3306K, committed 3328K, reserved 1048576K
Heap Regions: E=young(eden), S=young(survivor), O=old, HS=humongous(starts), HC=humongous(continues), CS=collection set, F=free, A=archive, TAMS=top-at-mark-start (previous, next)
|   0|0x00000000a2400000, 0x00000000a2500000, 0x00000000a2500000|100%|HS|  |TAMS 0x00000000a2500000, 0x00000000a2400000| Complete 
|   1|0x00000000a2500000, 0x00000000a2600000, 0x00000000a2600000|100%| O|  |TAMS 0x00000000a2600000, 0x00000000a2500000| Untracked 
|   2|0x00000000a2600000, 0x00000000a2700000, 0x00000000a2700000|100%| O|  |TAMS 0x00000000a2700000, 0x00000000a2600000| Untracked 
|   3|0x00000000a2700000, 0x00000000a2780200, 0x00000000a2800000| 50%| O|  |TAMS 0x00000000a2780200, 0x00000000a2700000| Untracked 
|   4|0x00000000a2800000, 0x00000000a2800000, 0x00000000a2900000|  0%| F|  |TAMS 0x00000000a2800000, 0x00000000a2800000| Untracked 
|   5|0x00000000a2900000, 0x00000000a2900000, 0x00000000a2a00000|  0%| F|  |TAMS 0x00000000a2900000, 0x00000000a2900000| Untracked 
|   6|0x00000000a2a00000, 0x00000000a2a00000, 0x00000000a2b00000|  0%| F|  |TAMS 0x00000000a2a00000, 0x00000000a2a00000| Untracked 
|   7|0x00000000a2b00000, 0x00000000a2b00000, 0x00000000a2c00000|  0%| F|  |TAMS 0x00000000a2b00000, 0x00000000a2b00000| Untracked 
|   8|0x00000000a2c00000, 0x00000000a2c00000, 0x00000000a2d00000|  0%| F|  |TAMS 0x00000000a2c00000, 0x00000000a2c00000| Untracked 
|   9|0x00000000a2d00000, 0x00000000a2d00000, 0x00000000a2e00000|  0%| F|  |TAMS 0x00000000a2d00000, 0x00000000a2d00000| Untracked 
|  10|0x00000000a2e00000, 0x00000000a2e00000, 0x00000000a2f00000|  0%| F|  |TAMS 0x00000000a2e00000, 0x00000000a2e00000| Untracked 
|  11|0x00000000a2f00000, 0x00000000a2f00000, 0x00000000a3000000|  0%| F|  |TAMS 0x00000000a2f00000, 0x00000000a2f00000| Untracked 
|  12|0x00000000a3000000, 0x00000000a3000000, 0x00000000a3100000|  0%| F|  |TAMS 0x00000000a3000000, 0x00000000a3000000| Untracked 
|  13|0x00000000a3100000, 0x00000000a3100000, 0x00000000a3200000|  0%| F|  |TAMS 0x00000000a3100000, 0x00000000a3100000| Untracked 
|  14|0x00000000a3200000, 0x00000000a3200000, 0x00000000a3300000|  0%| F|  |TAMS 0x00000000a3200000, 0x00000000a3200000| Untracked 
|  15|0x00000000a3300000, 0x00000000a3300000, 0x00000000a3400000|  0%| F|  |TAMS 0x00000000a3300000, 0x00000000a3300000| Untracked 
|  16|0x00000000a3400000, 0x00000000a3400000, 0x00000000a3500000|  0%| F|  |TAMS 0x00000000a3400000, 0x00000000a3400000| Untracked 
|  17|0x00000000a3500000, 0x00000000a3500000, 0x00000000a3600000|  0%| F|  |TAMS 0x00000000a3500000, 0x00000000a3500000| Untracked 
|  18|0x00000000a3600000, 0x00000000a3600000, 0x00000000a3700000|  0%| F|  |TAMS 0x00000000a3600000, 0x00000000a3600000| Untracked 
|  19|0x00000000a3700000, 0x00000000a3700000, 0x00000000a3800000|  0%| F|  |TAMS 0x00000000a3700000, 0x00000000a3700000| Untracked 
|  20|0x00000000a3800000, 0x00000000a3800000, 0x00000000a3900000|  0%| F|  |TAMS 0x00000000a3800000, 0x00000000a3800000| Untracked 
|  21|0x00000000a3900000, 0x00000000a3900000, 0x00000000a3a00000|  0%| F|  |TAMS 0x00000000a3900000, 0x00000000a3900000| Untracked 
|  22|0x00000000a3a00000, 0x00000000a3a00000, 0x00000000a3b00000|  0%| F|  |TAMS 0x00000000a3a00000, 0x00000000a3a00000| Untracked 
|  23|0x00000000a3b00000, 0x00000000a3b00000, 0x00000000a3c00000|  0%| F|  |TAMS 0x00000000a3b00000, 0x00000000a3b00000| Untracked 
|  24|0x00000000a3c00000, 0x00000000a3c00000, 0x00000000a3d00000|  0%| F|  |TAMS 0x00000000a3c00000, 0x00000000a3c00000| Untracked 
|  25|0x00000000a3d00000, 0x00000000a3d00000, 0x00000000a3e00000|  0%| F|  |TAMS 0x00000000a3d00000, 0x00000000a3d00000| Untracked 
|  26|0x00000000a3e00000, 0x00000000a3e00000, 0x00000000a3f00000|  0%| F|  |TAMS 0x00000000a3e00000, 0x00000000a3e00000| Untracked 
|  27|0x00000000a3f00000, 0x00000000a3f00000, 0x00000000a4000000|  0%| F|  |TAMS 0x00000000a3f00000, 0x00000000a3f00000| Untracked 
|  28|0x00000000a4000000, 0x00000000a4000000, 0x00000000a4100000|  0%| F|  |TAMS 0x00000000a4000000, 0x00000000a4000000| Untracked 
|  29|0x00000000a4100000, 0x00000000a4100000, 0x00000000a4200000|  0%| F|  |TAMS 0x00000000a4100000, 0x00000000a4100000| Untracked 
|  30|0x00000000a4200000, 0x00000000a4200000, 0x00000000a4300000|  0%| F|  |TAMS 0x00000000a4200000, 0x00000000a4200000| Untracked 
|  31|0x00000000a4300000, 0x00000000a4300000, 0x00000000a4400000|  0%| F|  |TAMS 0x00000000a4300000, 0x00000000a4300000| Untracked 
|  32|0x00000000a4400000, 0x00000000a4400000, 0x00000000a4500000|  0%| F|  |TAMS 0x00000000a4400000, 0x00000000a4400000| Untracked 
|  33|0x00000000a4500000, 0x00000000a4500000, 0x00000000a4600000|  0%| F|  |TAMS 0x00000000a4500000, 0x00000000a4500000| Untracked 
|  34|0x00000000a4600000, 0x00000000a4600000, 0x00000000a4700000|  0%| F|  |TAMS 0x00000000a4600000, 0x00000000a4600000| Untracked 
|  35|0x00000000a4700000, 0x00000000a4700000, 0x00000000a4800000|  0%| F|  |TAMS 0x00000000a4700000, 0x00000000a4700000| Untracked 
|  36|0x00000000a4800000, 0x00000000a4800000, 0x00000000a4900000|  0%| F|  |TAMS 0x00000000a4800000, 0x00000000a4800000| Untracked 
|  37|0x00000000a4900000, 0x00000000a4900000, 0x00000000a4a00000|  0%| F|  |TAMS 0x00000000a4900000, 0x00000000a4900000| Untracked 
|  38|0x00000000a4a00000, 0x00000000a4a00000, 0x00000000a4b00000|  0%| F|  |TAMS 0x00000000a4a00000, 0x00000000a4a00000| Untracked 
|  39|0x00000000a4b00000, 0x00000000a4b00000, 0x00000000a4c00000|  0%| F|  |TAMS 0x00000000a4b00000, 0x00000000a4b00000| Untracked 
|  40|0x00000000a4c00000, 0x00000000a4c00000, 0x00000000a4d00000|  0%| F|  |TAMS 0x00000000a4c00000, 0x00000000a4c00000| Untracked 
|  41|0x00000000a4d00000, 0x00000000a4d00000, 0x00000000a4e00000|  0%| F|  |TAMS 0x00000000a4d00000, 0x00000000a4d00000| Untracked 
|  42|0x00000000a4e00000, 0x00000000a4e00000, 0x00000000a4f00000|  0%| F|  |TAMS 0x00000000a4e00000, 0x00000000a4e00000| Untracked 
|  43|0x00000000a4f00000, 0x00000000a4f00000, 0x00000000a5000000|  0%| F|  |TAMS 0x00000000a4f00000, 0x00000000a4f00000| Untracked 
|  44|0x00000000a5000000, 0x00000000a5000000, 0x00000000a5100000|  0%| F|  |TAMS 0x00000000a5000000, 0x00000000a5000000| Untracked 
|  45|0x00000000a5100000, 0x00000000a5100000, 0x00000000a5200000|  0%| F|  |TAMS 0x00000000a5100000, 0x00000000a5100000| Untracked 
|  46|0x00000000a5200000, 0x00000000a5200000, 0x00000000a5300000|  0%| F|  |TAMS 0x00000000a5200000, 0x00000000a5200000| Untracked 
|  47|0x00000000a5300000, 0x00000000a5300000, 0x00000000a5400000|  0%| F|  |TAMS 0x00000000a5300000, 0x00000000a5300000| Untracked 
|  48|0x00000000a5400000, 0x00000000a5400000, 0x00000000a5500000|  0%| F|  |TAMS 0x00000000a5400000, 0x00000000a5400000| Untracked 
|  49|0x00000000a5500000, 0x00000000a5500000, 0x00000000a5600000|  0%| F|  |TAMS 0x00000000a5500000, 0x00000000a5500000| Untracked 
|  50|0x00000000a5600000, 0x00000000a5600000, 0x00000000a5700000|  0%| F|  |TAMS 0x00000000a5600000, 0x00000000a5600000| Untracked 
|  51|0x00000000a5700000, 0x00000000a5700000, 0x00000000a5800000|  0%| F|  |TAMS 0x00000000a5700000, 0x00000000a5700000| Untracked 
|  52|0x00000000a5800000, 0x00000000a5800000, 0x00000000a5900000|  0%| F|  |TAMS 0x00000000a5800000, 0x00000000a5800000| Untracked 
|  53|0x00000000a5900000, 0x00000000a5900000, 0x00000000a5a00000|  0%| F|  |TAMS 0x00000000a5900000, 0x00000000a5900000| Untracked 
|  54|0x00000000a5a00000, 0x00000000a5a00000, 0x00000000a5b00000|  0%| F|  |TAMS 0x00000000a5a00000, 0x00000000a5a00000| Untracked 
|  55|0x00000000a5b00000, 0x00000000a5b00000, 0x00000000a5c00000|  0%| F|  |TAMS 0x00000000a5b00000, 0x00000000a5b00000| Untracked 
|  56|0x00000000a5c00000, 0x00000000a5c00000, 0x00000000a5d00000|  0%| F|  |TAMS 0x00000000a5c00000, 0x00000000a5c00000| Untracked 
|  57|0x00000000a5d00000, 0x00000000a5d00000, 0x00000000a5e00000|  0%| F|  |TAMS 0x00000000a5d00000, 0x00000000a5d00000| Untracked 
|  58|0x00000000a5e00000, 0x00000000a5e00000, 0x00000000a5f00000|  0%| F|  |TAMS 0x00000000a5e00000, 0x00000000a5e00000| Untracked 
|  59|0x00000000a5f00000, 0x00000000a5f00000, 0x00000000a6000000|  0%| F|  |TAMS 0x00000000a5f00000, 0x00000000a5f00000| Untracked 
|  60|0x00000000a6000000, 0x00000000a6000000, 0x00000000a6100000|  0%| F|  |TAMS 0x00000000a6000000, 0x00000000a6000000| Untracked 
|  61|0x00000000a6100000, 0x00000000a6100000, 0x00000000a6200000|  0%| F|  |TAMS 0x00000000a6100000, 0x00000000a6100000| Untracked 
|  62|0x00000000a6200000, 0x00000000a6200000, 0x00000000a6300000|  0%| F|  |TAMS 0x00000000a6200000, 0x00000000a6200000| Untracked 
|  63|0x00000000a6300000, 0x00000000a6300000, 0x00000000a6400000|  0%| F|  |TAMS 0x00000000a6300000, 0x00000000a6300000| Untracked 
|  64|0x00000000a6400000, 0x00000000a6400000, 0x00000000a6500000|  0%| F|  |TAMS 0x00000000a6400000, 0x00000000a6400000| Untracked 
|  65|0x00000000a6500000, 0x00000000a6500000, 0x00000000a6600000|  0%| F|  |TAMS 0x00000000a6500000, 0x00000000a6500000| Untracked 
|  66|0x00000000a6600000, 0x00000000a6600000, 0x00000000a6700000|  0%| F|  |TAMS 0x00000000a6600000, 0x00000000a6600000| Untracked 
|  67|0x00000000a6700000, 0x00000000a6700000, 0x00000000a6800000|  0%| F|  |TAMS 0x00000000a6700000, 0x00000000a6700000| Untracked 
|  68|0x00000000a6800000, 0x00000000a6800000, 0x00000000a6900000|  0%| F|  |TAMS 0x00000000a6800000, 0x00000000a6800000| Untracked 
|  69|0x00000000a6900000, 0x00000000a6900000, 0x00000000a6a00000|  0%| F|  |TAMS 0x00000000a6900000, 0x00000000a6900000| Untracked 
|  70|0x00000000a6a00000, 0x00000000a6a00000, 0x00000000a6b00000|  0%| F|  |TAMS 0x00000000a6a00000, 0x00000000a6a00000| Untracked 
|  71|0x00000000a6b00000, 0x00000000a6b0d210, 0x00000000a6c00000|  5%| S|CS|TAMS 0x00000000a6b00000, 0x00000000a6b00000| Complete 
|  72|0x00000000a6c00000, 0x00000000a6d00000, 0x00000000a6d00000|100%| S|CS|TAMS 0x00000000a6c00000, 0x00000000a6c00000| Complete 
|  73|0x00000000a6d00000, 0x00000000a6e00000, 0x00000000a6e00000|100%| S|CS|TAMS 0x00000000a6d00000, 0x00000000a6d00000| Complete 
|  74|0x00000000a6e00000, 0x00000000a6f00000, 0x00000000a6f00000|100%| S|CS|TAMS 0x00000000a6e00000, 0x00000000a6e00000| Complete 
|  75|0x00000000a6f00000, 0x00000000a7000000, 0x00000000a7000000|100%| S|CS|TAMS 0x00000000a6f00000, 0x00000000a6f00000| Complete 
|  76|0x00000000a7000000, 0x00000000a7100000, 0x00000000a7100000|100%| S|CS|TAMS 0x00000000a7000000, 0x00000000a7000000| Complete 
|  77|0x00000000a7100000, 0x00000000a7100000, 0x00000000a7200000|  0%| F|  |TAMS 0x00000000a7100000, 0x00000000a7100000| Untracked 
|  78|0x00000000a7200000, 0x00000000a7200000, 0x00000000a7300000|  0%| F|  |TAMS 0x00000000a7200000, 0x00000000a7200000| Untracked 
|  79|0x00000000a7300000, 0x00000000a7300000, 0x00000000a7400000|  0%| F|  |TAMS 0x00000000a7300000, 0x00000000a7300000| Untracked 
|  80|0x00000000a7400000, 0x00000000a7400000, 0x00000000a7500000|  0%| F|  |TAMS 0x00000000a7400000, 0x00000000a7400000| Untracked 
|  81|0x00000000a7500000, 0x00000000a7580800, 0x00000000a7600000| 50%| E|  |TAMS 0x00000000a7500000, 0x00000000a7500000| Complete 
|  82|0x00000000a7600000, 0x00000000a7700000, 0x00000000a7700000|100%| E|CS|TAMS 0x00000000a7600000, 0x00000000a7600000| Complete 
|  83|0x00000000a7700000, 0x00000000a7800000, 0x00000000a7800000|100%| E|CS|TAMS 0x00000000a7700000, 0x00000000a7700000| Complete 
|  84|0x00000000a7800000, 0x00000000a7900000, 0x00000000a7900000|100%| E|CS|TAMS 0x00000000a7800000, 0x00000000a7800000| Complete 
|  85|0x00000000a7900000, 0x00000000a7a00000, 0x00000000a7a00000|100%| E|CS|TAMS 0x00000000a7900000, 0x00000000a7900000| Complete 
|  86|0x00000000a7a00000, 0x00000000a7b00000, 0x00000000a7b00000|100%| E|CS|TAMS 0x00000000a7a00000, 0x00000000a7a00000| Complete 
|  87|0x00000000a7b00000, 0x00000000a7c00000, 0x00000000a7c00000|100%| E|CS|TAMS 0x00000000a7b00000, 0x00000000a7b00000| Complete 
|  88|0x00000000a7c00000, 0x00000000a7d00000, 0x00000000a7d00000|100%| E|CS|TAMS 0x00000000a7c00000, 0x00000000a7c00000| Complete 
|  89|0x00000000a7d00000, 0x00000000a7e00000, 0x00000000a7e00000|100%| E|CS|TAMS 0x00000000a7d00000, 0x00000000a7d00000| Complete 
|  90|0x00000000a7e00000, 0x00000000a7f00000, 0x00000000a7f00000|100%| E|CS|TAMS 0x00000000a7e00000, 0x00000000a7e00000| Complete 
|  91|0x00000000a7f00000, 0x00000000a8000000, 0x00000000a8000000|100%| E|CS|TAMS 0x00000000a7f00000, 0x00000000a7f00000| Complete 
|  92|0x00000000a8000000, 0x00000000a8100000, 0x00000000a8100000|100%| E|CS|TAMS 0x00000000a8000000, 0x00000000a8000000| Complete 
|  93|0x00000000a8100000, 0x00000000a8200000, 0x00000000a8200000|100%| E|CS|TAMS 0x00000000a8100000, 0x00000000a8100000| Complete 

Card table byte_map: [0x0000029a51fb0000,0x0000029a522a0000] _byte_map_base: 0x0000029a51a9e000

Marking Bits (Prev, Next): (CMBitMap*) 0x0000029a3b0d7b00, (CMBitMap*) 0x0000029a3b0d7ac8
 Prev Bits: [0x0000029a53d00000, 0x0000029a55470000)
 Next Bits: [0x0000029a52590000, 0x0000029a53d00000)

Polling page: 0x0000029a3a860000

Metaspace:

Usage:
  Non-class:     21.87 MB capacity,    21.27 MB ( 97%) used,   491.12 KB (  2%) free+waste,   124.50 KB ( <1%) overhead. 
      Class:      3.23 MB capacity,     2.76 MB ( 85%) used,   417.03 KB ( 13%) free+waste,    65.75 KB (  2%) overhead. 
       Both:     25.10 MB capacity,    24.02 MB ( 96%) used,   908.16 KB (  4%) free+waste,   190.25 KB ( <1%) overhead. 

Virtual space:
  Non-class space:       24.00 MB reserved,      22.17 MB ( 92%) committed 
      Class space:        1.00 GB reserved,       3.25 MB ( <1%) committed 
             Both:        1.02 GB reserved,      25.42 MB (  2%) committed 

Chunk freelists:
   Non-Class:  7.00 KB
       Class:  2.62 KB
        Both:  9.62 KB

CodeHeap 'non-profiled nmethods': size=120000Kb used=713Kb max_used=713Kb free=119286Kb
 bounds [0x0000029a4a240000, 0x0000029a4a4b0000, 0x0000029a51770000]
CodeHeap 'profiled nmethods': size=120000Kb used=4258Kb max_used=4258Kb free=115741Kb
 bounds [0x0000029a42d10000, 0x0000029a43140000, 0x0000029a4a240000]
CodeHeap 'non-nmethods': size=5760Kb used=1184Kb max_used=1192Kb free=4576Kb
 bounds [0x0000029a42770000, 0x0000029a429e0000, 0x0000029a42d10000]
 total_blobs=2677 nmethods=2141 adapters=447
 compilation: enabled
              stopped_count=0, restarted_count=0
 full_count=0

Compilation events (10 events):
Event: 8.912 Thread 0x0000029a58a68800 2120       3       java.lang.invoke.VarHandleObjects$FieldInstanceReadWrite::compareAndSet (38 bytes)
Event: 8.912 Thread 0x0000029a58a68800 nmethod 2120 0x0000029a43129390 code [0x0000029a431295e0, 0x0000029a43129f48]
Event: 8.915 Thread 0x0000029a58a68800 2121       1       java.util.concurrent.CopyOnWriteArrayList::getArray (5 bytes)
Event: 8.915 Thread 0x0000029a58a68800 nmethod 2121 0x0000029a4a2f2410 code [0x0000029a4a2f25a0, 0x0000029a4a2f2658]
Event: 8.916 Thread 0x0000029a58a68800 2122       3       java.nio.file.attribute.FileTime::from (18 bytes)
Event: 8.916 Thread 0x0000029a58a68800 nmethod 2122 0x0000029a4312a310 code [0x0000029a4312a4e0, 0x0000029a4312a8a8]
Event: 8.916 Thread 0x0000029a58a68800 2123       3       java.nio.file.attribute.FileTime::<init> (21 bytes)
Event: 8.916 Thread 0x0000029a58a68800 nmethod 2123 0x0000029a4312aa10 code [0x0000029a4312abc0, 0x0000029a4312add8]
Event: 8.917 Thread 0x0000029a58a68800 2124       3       java.util.ArrayDeque::addLast (51 bytes)
Event: 8.918 Thread 0x0000029a58a68800 nmethod 2124 0x0000029a4312ae90 code [0x0000029a4312b060, 0x0000029a4312b4f8]

GC Heap History (4 events):
Event: 0.864 GC heap before
{Heap before GC invocations=0 (full 0):
 garbage-first heap   total 96256K, used 24576K [0x00000000a2400000, 0x0000000100000000)
  region size 1024K, 24 young (24576K), 0 survivors (0K)
 Metaspace       used 14858K, capacity 15366K, committed 15616K, reserved 1062912K
  class space    used 1564K, capacity 1769K, committed 1792K, reserved 1048576K
}
Event: 0.870 GC heap after
{Heap after GC invocations=1 (full 0):
 garbage-first heap   total 96256K, used 6656K [0x00000000a2400000, 0x0000000100000000)
  region size 1024K, 3 young (3072K), 3 survivors (3072K)
 Metaspace       used 14858K, capacity 15366K, committed 15616K, reserved 1062912K
  class space    used 1564K, capacity 1769K, committed 1792K, reserved 1048576K
}
Event: 4.839 GC heap before
{Heap before GC invocations=1 (full 0):
 garbage-first heap   total 96256K, used 23040K [0x00000000a2400000, 0x0000000100000000)
  region size 1024K, 20 young (20480K), 3 survivors (3072K)
 Metaspace       used 20346K, capacity 21103K, committed 21296K, reserved 1069056K
  class space    used 2252K, capacity 2594K, committed 2688K, reserved 1048576K
}
Event: 4.844 GC heap after
{Heap after GC invocations=2 (full 0):
 garbage-first heap   total 96256K, used 8757K [0x00000000a2400000, 0x0000000100000000)
  region size 1024K, 6 young (6144K), 6 survivors (6144K)
 Metaspace       used 20346K, capacity 21103K, committed 21296K, reserved 1069056K
  class space    used 2252K, capacity 2594K, committed 2688K, reserved 1048576K
}

Deoptimization events (10 events):
Event: 4.184 Thread 0x0000029a3b0a2800 Uncommon trap: reason=unstable_if action=reinterpret pc=0x0000029a4a289534 method=jdk.internal.org.objectweb.asm.Type.getArgumentsAndReturnSizes(Ljava/lang/String;)I @ 41 c2
Event: 4.184 Thread 0x0000029a3b0a2800 Uncommon trap: reason=unstable_if action=reinterpret pc=0x0000029a4a29c1a0 method=jdk.internal.org.objectweb.asm.Frame.push(Ljdk/internal/org/objectweb/asm/ClassWriter;Ljava/lang/String;)V @ 24 c2
Event: 4.206 Thread 0x0000029a3b0a2800 Uncommon trap: reason=bimorphic_or_optimized_type_check action=maybe_recompile pc=0x0000029a4a2a8294 method=java.util.HashMap.putVal(ILjava/lang/Object;Ljava/lang/Object;ZZ)Ljava/lang/Object; @ 203 c2
Event: 4.323 Thread 0x0000029a3b0a2800 Uncommon trap: reason=bimorphic_or_optimized_type_check action=maybe_recompile pc=0x0000029a4a2a8294 method=java.util.HashMap.putVal(ILjava/lang/Object;Ljava/lang/Object;ZZ)Ljava/lang/Object; @ 203 c2
Event: 4.324 Thread 0x0000029a3b0a2800 Uncommon trap: reason=bimorphic_or_optimized_type_check action=maybe_recompile pc=0x0000029a4a2a8294 method=java.util.HashMap.putVal(ILjava/lang/Object;Ljava/lang/Object;ZZ)Ljava/lang/Object; @ 203 c2
Event: 4.324 Thread 0x0000029a3b0a2800 Uncommon trap: reason=bimorphic_or_optimized_type_check action=maybe_recompile pc=0x0000029a4a2a8294 method=java.util.HashMap.putVal(ILjava/lang/Object;Ljava/lang/Object;ZZ)Ljava/lang/Object; @ 203 c2
Event: 4.856 Thread 0x0000029a3b0a2800 Uncommon trap: reason=unstable_if action=reinterpret pc=0x0000029a4a2ab1e4 method=java.lang.ref.ReferenceQueue.poll()Ljava/lang/ref/Reference; @ 4 c2
Event: 5.159 Thread 0x0000029a3b0a2800 Uncommon trap: reason=unstable_if action=reinterpret pc=0x0000029a4a2e36a4 method=java.io.ByteArrayInputStream.read([BII)I @ 35 c2
Event: 8.852 Thread 0x0000029a3b0a2800 Uncommon trap: reason=unstable_if action=reinterpret pc=0x0000029a4a2d7bb4 method=java.util.concurrent.ConcurrentHashMap.transfer([Ljava/util/concurrent/ConcurrentHashMap$Node;[Ljava/util/concurrent/ConcurrentHashMap$Node;)V @ 26 c2
Event: 8.871 Thread 0x0000029a3b0a2800 Uncommon trap: reason=unstable_if action=reinterpret pc=0x0000029a4a2baf10 method=java.util.concurrent.ConcurrentHashMap.putVal(Ljava/lang/Object;Ljava/lang/Object;Z)Ljava/lang/Object; @ 231 c2

Classes redefined (0 events):
No events

Internal exceptions (10 events):
Event: 5.145 Thread 0x0000029a3b0a2800 Exception <a 'java/lang/NoSuchMethodError'{0x00000000a7e32098}: java.lang.invoke.Invokers$Holder.linkToTargetMethod(Ljava/lang/Object;IILjava/lang/Object;)Ljava/lang/Object;> (0x00000000a7e32098) thrown at [./open/src/hotspot/share/interpreter/linkResolve
Event: 5.147 Thread 0x0000029a3b0a2800 Exception <a 'java/lang/NoSuchMethodError'{0x00000000a7e35128}: java.lang.invoke.DirectMethodHandle$Holder.invokeStatic(Ljava/lang/Object;Ljava/lang/Object;I)V> (0x00000000a7e35128) thrown at [./open/src/hotspot/share/interpreter/linkResolver.cpp, line 77
Event: 5.191 Thread 0x0000029a59e4f000 Exception <a 'java/lang/NoSuchMethodError'{0x00000000a7c79960}: java.lang.invoke.DirectMethodHandle$Holder.invokeSpecial(Ljava/lang/Object;Ljava/lang/Object;IILjava/lang/Object;Ljava/lang/Object;I)Ljava/lang/Object;> (0x00000000a7c79960) thrown at [./open
Event: 5.191 Thread 0x0000029a59e4f000 Exception <a 'java/lang/NoSuchMethodError'{0x00000000a7c7cde0}: java.lang.invoke.DelegatingMethodHandle$Holder.reinvoke_L(Ljava/lang/Object;IILjava/lang/Object;Ljava/lang/Object;I)Ljava/lang/Object;> (0x00000000a7c7cde0) thrown at [./open/src/hotspot/shar
Event: 5.192 Thread 0x0000029a59e4f000 Exception <a 'java/lang/NoSuchMethodError'{0x00000000a7c8dda0}: java.lang.invoke.DirectMethodHandle$Holder.invokeSpecial(Ljava/lang/Object;Ljava/lang/Object;Ljava/lang/Object;Ljava/lang/Object;I)Ljava/lang/Object;> (0x00000000a7c8dda0) thrown at [./open/s
Event: 5.192 Thread 0x0000029a59e4f000 Exception <a 'java/lang/NoSuchMethodError'{0x00000000a7c90e00}: java.lang.invoke.Invokers$Holder.linkToTargetMethod(Ljava/lang/Object;Ljava/lang/Object;ILjava/lang/Object;)Ljava/lang/Object;> (0x00000000a7c90e00) thrown at [./open/src/hotspot/share/interp
Event: 5.205 Thread 0x0000029a59e4f000 Exception <a 'java/lang/NoSuchMethodError'{0x00000000a7ce9040}: java.lang.invoke.DirectMethodHandle$Holder.invokeSpecial(Ljava/lang/Object;Ljava/lang/Object;Ljava/lang/Object;Ljava/lang/Object;Ljava/lang/Object;)V> (0x00000000a7ce9040) thrown at [./open/s
Event: 5.210 Thread 0x0000029a59e4f000 Exception <a 'java/lang/NoSuchMethodError'{0x00000000a7b0c860}: java.lang.invoke.DirectMethodHandle$Holder.invokeStatic(Ljava/lang/Object;JJ)J> (0x00000000a7b0c860) thrown at [./open/src/hotspot/share/interpreter/linkResolver.cpp, line 772]
Event: 8.844 Thread 0x0000029a59e4d800 Exception <a 'java/lang/NoSuchMethodError'{0x00000000a7bfeb88}: java.lang.invoke.DirectMethodHandle$Holder.invokeSpecial(Ljava/lang/Object;Ljava/lang/Object;Ljava/lang/Object;Ljava/lang/Object;Ljava/lang/Object;Ljava/lang/Object;Ljava/lang/Object;)V> (0x0
Event: 8.851 Thread 0x0000029a3b0a2800 Exception <a 'java/lang/NoSuchMethodError'{0x00000000a7a55af8}: java.lang.invoke.DirectMethodHandle$Holder.invokeSpecialIFC(Ljava/lang/Object;Ljava/lang/Object;Ljava/lang/Object;)Ljava/lang/Object;> (0x00000000a7a55af8) thrown at [./open/src/hotspot/share

Events (10 events):
Event: 8.916 loading class org/openqa/selenium/devtools/v119/v119CdpInfo
Event: 8.916 loading class org/openqa/selenium/devtools/v119/v119CdpInfo done
Event: 8.917 loading class org/openqa/selenium/devtools/v119/v119Domains
Event: 8.917 loading class org/openqa/selenium/devtools/v119/v119Domains done
Event: 8.917 loading class org/openqa/selenium/devtools/idealized/Domains
Event: 8.917 loading class org/openqa/selenium/devtools/idealized/Domains done
Event: 8.918 loading class org/openqa/selenium/devtools/idealized/target/Target
Event: 8.918 loading class org/openqa/selenium/devtools/idealized/target/Target done
Event: 8.918 loading class org/openqa/selenium/devtools/idealized/log/Log
Event: 8.918 loading class org/openqa/selenium/devtools/idealized/log/Log done


Dynamic libraries:
0x00007ff7028d0000 - 0x00007ff7028e0000 	C:\Program Files\Java\jdk-11\bin\javaw.exe
0x00007ffbd8df0000 - 0x00007ffbd9007000 	C:\WINDOWS\SYSTEM32\ntdll.dll
0x00007ffbd70e0000 - 0x00007ffbd71a4000 	C:\WINDOWS\System32\KERNEL32.DLL
0x00007ffbd6770000 - 0x00007ffbd6b1d000 	C:\WINDOWS\System32\KERNELBASE.dll
0x00007ffbd6170000 - 0x00007ffbd6281000 	C:\WINDOWS\System32\ucrtbase.dll
0x00007ffbbb6c0000 - 0x00007ffbbb6d9000 	C:\Program Files\Java\jdk-11\bin\jli.dll
0x00007ffbb4320000 - 0x00007ffbb433b000 	C:\Program Files\Java\jdk-11\bin\VCRUNTIME140.dll
0x00007ffbd7270000 - 0x00007ffbd7322000 	C:\WINDOWS\System32\ADVAPI32.dll
0x00007ffbd71c0000 - 0x00007ffbd7267000 	C:\WINDOWS\System32\msvcrt.dll
0x00007ffbd7bc0000 - 0x00007ffbd7c69000 	C:\WINDOWS\System32\sechost.dll
0x00007ffbd6140000 - 0x00007ffbd6168000 	C:\WINDOWS\System32\bcrypt.dll
0x00007ffbd6fc0000 - 0x00007ffbd70d4000 	C:\WINDOWS\System32\RPCRT4.dll
0x00007ffbd8a40000 - 0x00007ffbd8bee000 	C:\WINDOWS\System32\USER32.dll
0x00007ffbd6110000 - 0x00007ffbd6136000 	C:\WINDOWS\System32\win32u.dll
0x00007ffbb23e0000 - 0x00007ffbb2673000 	C:\WINDOWS\WinSxS\amd64_microsoft.windows.common-controls_6595b64144ccf1df_6.0.22621.3672_none_2713b9d173822955\COMCTL32.dll
0x00007ffbd76c0000 - 0x00007ffbd76e9000 	C:\WINDOWS\System32\GDI32.dll
0x00007ffbd63d0000 - 0x00007ffbd64e9000 	C:\WINDOWS\System32\gdi32full.dll
0x00007ffbd6660000 - 0x00007ffbd66fa000 	C:\WINDOWS\System32\msvcp_win.dll
0x00007ffbcd790000 - 0x00007ffbcd79a000 	C:\WINDOWS\SYSTEM32\VERSION.dll
0x00007ffbd6eb0000 - 0x00007ffbd6ee1000 	C:\WINDOWS\System32\IMM32.DLL
0x00007ffbc5220000 - 0x00007ffbc522c000 	C:\Program Files\Java\jdk-11\bin\vcruntime140_1.dll
0x00007ffb95260000 - 0x00007ffb952ee000 	C:\Program Files\Java\jdk-11\bin\msvcp140.dll
0x00007ffb3ec50000 - 0x00007ffb3f7bd000 	C:\Program Files\Java\jdk-11\bin\server\jvm.dll
0x00007ffbd7960000 - 0x00007ffbd7968000 	C:\WINDOWS\System32\PSAPI.DLL
0x00007ffba9090000 - 0x00007ffba9099000 	C:\WINDOWS\SYSTEM32\WSOCK32.dll
0x00007ffbd02f0000 - 0x00007ffbd0324000 	C:\WINDOWS\SYSTEM32\WINMM.dll
0x00007ffbd76f0000 - 0x00007ffbd7761000 	C:\WINDOWS\System32\WS2_32.dll
0x00007ffbd5080000 - 0x00007ffbd5098000 	C:\WINDOWS\SYSTEM32\kernel.appcore.dll
0x00007ffbc51c0000 - 0x00007ffbc51d0000 	C:\Program Files\Java\jdk-11\bin\verify.dll
0x00007ffbd3ae0000 - 0x00007ffbd3d12000 	C:\WINDOWS\SYSTEM32\DBGHELP.DLL
0x00007ffbd7330000 - 0x00007ffbd76be000 	C:\WINDOWS\System32\combase.dll
0x00007ffbd7880000 - 0x00007ffbd7957000 	C:\WINDOWS\System32\OLEAUT32.dll
0x00007ffbbf9e0000 - 0x00007ffbbfa12000 	C:\WINDOWS\SYSTEM32\dbgcore.DLL
0x00007ffbd6350000 - 0x00007ffbd63cb000 	C:\WINDOWS\System32\bcryptPrimitives.dll
0x00007ffbb3160000 - 0x00007ffbb3188000 	C:\Program Files\Java\jdk-11\bin\java.dll
0x00007ffbc50f0000 - 0x00007ffbc50fa000 	C:\Program Files\Java\jdk-11\bin\jimage.dll
0x00007ffbb0950000 - 0x00007ffbb0967000 	C:\Program Files\Java\jdk-11\bin\zip.dll
0x00007ffbd81d0000 - 0x00007ffbd8a37000 	C:\WINDOWS\System32\SHELL32.dll
0x00007ffbd4040000 - 0x00007ffbd493f000 	C:\WINDOWS\SYSTEM32\windows.storage.dll
0x00007ffbd3f00000 - 0x00007ffbd403f000 	C:\WINDOWS\SYSTEM32\wintypes.dll
0x00007ffbd6db0000 - 0x00007ffbd6ea9000 	C:\WINDOWS\System32\SHCORE.dll
0x00007ffbd6b40000 - 0x00007ffbd6b9e000 	C:\WINDOWS\System32\shlwapi.dll
0x00007ffbd6040000 - 0x00007ffbd6067000 	C:\WINDOWS\SYSTEM32\profapi.dll
0x00007ffbb0090000 - 0x00007ffbb00a9000 	C:\Program Files\Java\jdk-11\bin\net.dll
0x00007ffbd0dc0000 - 0x00007ffbd0ef6000 	C:\WINDOWS\SYSTEM32\WINHTTP.dll
0x00007ffbd5580000 - 0x00007ffbd55e9000 	C:\WINDOWS\system32\mswsock.dll
0x00007ffbade70000 - 0x00007ffbade82000 	C:\Program Files\Java\jdk-11\bin\nio.dll
0x00007ffbd4c10000 - 0x00007ffbd4d08000 	C:\WINDOWS\SYSTEM32\DNSAPI.dll
0x00007ffbd4be0000 - 0x00007ffbd4c0d000 	C:\WINDOWS\SYSTEM32\IPHLPAPI.DLL
0x00007ffbd7870000 - 0x00007ffbd7879000 	C:\WINDOWS\System32\NSI.dll
0x00007ffbcd7a0000 - 0x00007ffbcd7aa000 	C:\Windows\System32\rasadhlp.dll
0x00007ffbd0000000 - 0x00007ffbd0083000 	C:\WINDOWS\System32\fwpuclnt.dll
0x00007ffbd57c0000 - 0x00007ffbd57db000 	C:\WINDOWS\SYSTEM32\CRYPTSP.dll
0x00007ffbd50a0000 - 0x00007ffbd50d5000 	C:\WINDOWS\system32\rsaenh.dll
0x00007ffbd5630000 - 0x00007ffbd5658000 	C:\WINDOWS\SYSTEM32\USERENV.dll
0x00007ffbd57b0000 - 0x00007ffbd57bc000 	C:\WINDOWS\SYSTEM32\CRYPTBASE.dll
0x00007ffbd12f0000 - 0x00007ffbd1309000 	C:\WINDOWS\SYSTEM32\dhcpcsvc6.DLL
0x00007ffbd0d20000 - 0x00007ffbd0d3f000 	C:\WINDOWS\SYSTEM32\dhcpcsvc.DLL
0x00007ffba8660000 - 0x00007ffba8687000 	C:\Program Files\Java\jdk-11\bin\sunec.dll

dbghelp: loaded successfully - version: 4.0.5 - missing functions: none
symbol engine: initialized successfully - sym options: 0x614 - pdb path: .;C:\Program Files\Java\jdk-11\bin;C:\WINDOWS\SYSTEM32;C:\WINDOWS\WinSxS\amd64_microsoft.windows.common-controls_6595b64144ccf1df_6.0.22621.3672_none_2713b9d173822955;C:\Program Files\Java\jdk-11\bin\server

VM Arguments:
jvm_args: -ea -Dfile.encoding=windows-1252 -Dstdout.encoding=windows-1252 -Dstderr.encoding=windows-1252 
java_command: org.testng.remote.RemoteTestNG -serport 65163 -protocol json -d C:\Users\jacki\git\TestGenkins\test-output C:\Users\jacki\git\TestGenkins\testng.xml
java_class_path (initial): C:\Users\jacki\eclipse\java-2023-06\eclipse\configuration\org.eclipse.osgi\555\0\.cp\lib\testng-remote.jar;C:\Users\jacki\git\TestGenkins\target\classes;C:\Users\jacki\.p2\pool\plugins\org.testng_7.10.2.r202404291553.jar;C:\Users\jacki\.p2\pool\plugins\com.beust.jcommander_1.82.0.jar;C:\Users\jacki\.p2\pool\plugins\org.apache-extras.beanshell.bsh_2.0.0.b6.jar;C:\Users\jacki\.p2\pool\plugins\org.yaml.snakeyaml_1.21.0.jar;C:\Users\jacki\.p2\pool\plugins\org.webjars.jquery_3.7.1.jar;C:\Users\jacki\.m2\repository\org\testng\testng\7.8.0\testng-7.8.0.jar;C:\Users\jacki\.m2\repository\org\slf4j\slf4j-api\1.7.36\slf4j-api-1.7.36.jar;C:\Users\jacki\.m2\repository\com\beust\jcommander\1.82\jcommander-1.82.jar;C:\Users\jacki\.m2\repository\org\webjars\jquery\3.6.1\jquery-3.6.1.jar;C:\Users\jacki\.m2\repository\org\seleniumhq\selenium\selenium-java\4.17.0\selenium-java-4.17.0.jar;C:\Users\jacki\.m2\repository\org\seleniumhq\selenium\selenium-api\4.17.0\selenium-api-4.17.0.jar;C:\Users\jacki\.m2\repository\org\seleniumhq\selenium\selenium-chrome-driver\4.17.0\selenium-chrome-driver-4.17.0.jar;C:\Users\jacki\.m2\repository\com\google\auto\service\auto-service-annotations\1.1.1\auto-service-annotations-1.1.1.jar;C:\Users\jacki\.m2\repository\org\seleniumhq\selenium\selenium-chromium-driver\4.17.0\selenium-chromium-driver-4.17.0.jar;C:\Users\jacki\.m2\repository\org\seleniumhq\selenium\selenium-json\4.17.0\selenium-json-4.17.0.jar;C:\Users\jacki\.m2\repository\org\seleniumhq\selenium\selenium-manager\4.17.0\selenium-manager-4.17.0.jar;C:\Users\jacki\.m2\repository\org\seleniumhq\selenium\selenium-devtools-v119\4.17.0\selenium-devtools-v119-4.17.0.jar;C:\Users\jacki\.m2\repository\org\seleniumhq\selenium\selenium-devtools-v120\4.17.0\selenium-devtools-v120-4.17.0.jar;C:\Users\jacki\.m2\repository\org\seleniumhq\selenium\selenium-devtools-v121\4.17.0\selenium-devtools-v121-4.17.0.jar;C:\Users\jacki\.m2\repository\org\seleniumhq\selenium\selenium-devtools
Launcher Type: SUN_STANDARD

[Global flags]
     intx CICompilerCount                          = 4                                         {product} {ergonomic}
     uint ConcGCThreads                            = 3                                         {product} {ergonomic}
     uint G1ConcRefinementThreads                  = 10                                        {product} {ergonomic}
   size_t G1HeapRegionSize                         = 1048576                                   {product} {ergonomic}
    uintx GCDrainStackTargetSize                   = 64                                        {product} {ergonomic}
   size_t InitialHeapSize                          = 98566144                                  {product} {ergonomic}
   size_t MarkStackSize                            = 4194304                                   {product} {ergonomic}
   size_t MaxHeapSize                              = 1572864000                                {product} {ergonomic}
   size_t MaxNewSize                               = 943718400                                 {product} {ergonomic}
   size_t MinHeapDeltaBytes                        = 1048576                                   {product} {ergonomic}
    uintx NonNMethodCodeHeapSize                   = 5836300                                {pd product} {ergonomic}
    uintx NonProfiledCodeHeapSize                  = 122910970                              {pd product} {ergonomic}
    uintx ProfiledCodeHeapSize                     = 122910970                              {pd product} {ergonomic}
    uintx ReservedCodeCacheSize                    = 251658240                              {pd product} {ergonomic}
     bool SegmentedCodeCache                       = true                                      {product} {ergonomic}
     bool UseCompressedClassPointers               = true                                 {lp64_product} {ergonomic}
     bool UseCompressedOops                        = true                                 {lp64_product} {ergonomic}
     bool UseG1GC                                  = true                                      {product} {ergonomic}
     bool UseLargePagesIndividualAllocation        = false                                  {pd product} {ergonomic}

Logging:
Log output configuration:
 #0: stdout all=warning uptime,level,tags
 #1: stderr all=off uptime,level,tags

Environment Variables:
JAVA_HOME=C:\Program Files\Java\jdk-11
PATH=C:/Users/jacki/.p2/pool/plugins/org.eclipse.justj.openjdk.hotspot.jre.full.win32.x86_64_22.0.2.v20240802-1626/jre/bin/server;C:/Users/jacki/.p2/pool/plugins/org.eclipse.justj.openjdk.hotspot.jre.full.win32.x86_64_22.0.2.v20240802-1626/jre/bin;C:\Program Files\Common Files\Oracle\Java\javapath;C:\Windows\system32;C:\Windows;C:\Windows\System32\Wbem;C:\Windows\System32\WindowsPowerShell\v1.0\;C:\Windows\System32\OpenSSH\;C:\Program Files (x86)\NVIDIA Corporation\PhysX\Common;C:\Program Files\NVIDIA Corporation\NVIDIA NvDLISR;C:\WINDOWS\system32;C:\WINDOWS;C:\WINDOWS\System32\Wbem;C:\WINDOWS\System32\WindowsPowerShell\v1.0\;C:\WINDOWS\System32\OpenSSH\;C:\Program Files\dotnet\;C:\Users\jacki\AppData\Local\Programs\Python\Python311\;C:\Users\jacki\AppData\Roaming\Programs\Python\Python311\Scripts;C:\Program Files\nodejs\;C:\ProgramData\chocolatey\bin;C:\Program Files\Java\jdk-11\bin;C:\Users\jacki\AppData\Local\Android\Sdk\platform-tools;C:\Users\jacki\AppData\Local\Android\Sdk\cmdline-tools\latest;C:\Users\jacki\AppData\Local\Android\Sdk\cmdline-tools\latest\bin;C:\Program Files\Java\jdk-11\bin;C:\apache-maven-3.9.3\bin;C:\Program Files\Git\cmd;C:\Program Files\MySQL\MySQL Shell 8.0\bin\;C:\Users\jacki\AppData\Local\Microsoft\WindowsApps;C:\Users\jacki\AppData\Local\Programs\Microsoft VS Code\bin;C:\Users\jacki\AppData\Local\Programs\Python\Python311\;C:\Users\jacki\AppData\Roaming\Programs\Python\Python311\Scripts;C:\Users\jacki\AppData\Roaming\npm;;C:\Users\jacki\eclipse\java-2023-06\eclipse;
USERNAME=jacki
OS=Windows_NT
PROCESSOR_IDENTIFIER=AMD64 Family 25 Model 80 Stepping 0, AuthenticAMD



---------------  S Y S T E M  ---------------

OS: Windows 11 , 64 bit Build 22621 (10.0.22621.3958)
Hyper-V role detected

CPU:total 12 (initial active 12) (12 cores per cpu, 2 threads per core) family 25 model 80 stepping 0 microcode 0x0, cmov, cx8, fxsr, mmx, sse, sse2, sse3, ssse3, sse4.1, sse4.2, popcnt, avx, avx2, aes, clmul, erms, mmxext, 3dnowpref, lzcnt, sse4a, ht, tsc, tscinvbit, tscinv, bmi1, bmi2,

Memory: 4k page, system-wide physical 5996M (252M free)
TotalPageFile size 24428M (AvailPageFile size 0M)
current process WorkingSet (physical memory assigned to process): 106M, peak: 106M
current process commit charge ("private bytes"): 213M, peak: 213M

vm_info: Java HotSpot(TM) 64-Bit Server VM (11.0.20+9-LTS-256) for windows-amd64 JRE (11.0.20+9-LTS-256), built on Jun 14 2023 10:34:22 by "mach5one" with MS VC++ 17.1 (VS2022)

END.
